<?xml version="1.0" encoding="UTF-8"?>
<!-- Generated by org.testng.reporters.JUnitReportReporter -->
<testsuite hostname="LAPTOP-I2VPEG46" failures="0" tests="1" name="Testcase.Medical" time="28.409" errors="0" timestamp="2020-03-05T08:57:48 CST" skipped="0">
  <testcase classname="Testcase.Medical" name="createPatient" time="28.409"/>
  <system-out/>
</testsuite> <!-- Testcase.Medical -->
